============================================================
Time  2018/01/09 18:52:10 357 
============================================================
[2018/01/09 18:52:10 357] isr        1659 isr loaded!  
[2018/01/09 18:52:10 357] isr        1642 SYS_MSG_REGCB param0 =   msp_status_cb  param1 =   func(c402ccd0) 
[2018/01/09 18:52:10 357] isr        1537 ASR_MSG_SSB  
[2018/01/09 18:52:10 357] isr        1066 session_begin() [in], params:   sub = asr, result_type = plain, result_encoding = utf8,sample_rate = 16000,aue = speex-wb  80710b7ee461dcfbf0ed9a33a822211f  
[2018/01/09 18:52:10 357] isr        927  vad_set [in]  
[2018/01/09 18:52:10 357] isr        962  vad_enable :  true  
[2018/01/09 18:52:10 357] isr        980  vad_bos :  10000  
[2018/01/09 18:52:10 357] isr        981  vad_eos :  2000  
[2018/01/09 18:52:10 357] isr        886  enable_vad [in]  
[2018/01/09 18:52:10 358] isr        918  vad enabled!  2000  10000  
[2018/01/09 18:52:10 358] isr        921  enable_vad [out]  
[2018/01/09 18:52:10 358] isr        987  vad_set [out] | ret =  0  
[2018/01/09 18:52:10 358] isr        1187 cur_engine_type =   cloud  
[2018/01/09 18:52:10 358] isr        1001 cloud_session_begin  
[2018/01/09 18:52:10 358] isr        1013 standard  
[2018/01/09 18:52:10 359] isr        1547 ASR_MSG_AUW,   cloud  
[2018/01/09 18:52:10 359] isr        1559 6400  1  
[2018/01/09 18:52:10 359] isr        1569 once_bytes:   6400  
[2018/01/09 18:52:10 363] isr        851  [aud] speech start  
[2018/01/09 18:52:10 363] isr        798  1  msc  
[2018/01/09 18:52:10 559] isr        1547 ASR_MSG_AUW,   cloud  
[2018/01/09 18:52:10 559] isr        1559 6400  2  
[2018/01/09 18:52:10 759] isr        1547 ASR_MSG_AUW,   cloud  
[2018/01/09 18:52:10 759] isr        1559 6400  2  
[2018/01/09 18:52:10 959] isr        1547 ASR_MSG_AUW,   cloud  
[2018/01/09 18:52:10 959] isr        1559 6400  2  
[2018/01/09 18:52:11 159] isr        1547 ASR_MSG_AUW,   cloud  
[2018/01/09 18:52:11 160] isr        1559 6400  2  
[2018/01/09 18:52:11 360] isr        1547 ASR_MSG_AUW,   cloud  
[2018/01/09 18:52:11 360] isr        1559 6400  2  
[2018/01/09 18:52:11 560] isr        1547 ASR_MSG_AUW,   cloud  
[2018/01/09 18:52:11 560] isr        1559 6400  2  
[2018/01/09 18:52:11 594] isr        700  cloud_status_cb, eps:  1  
[2018/01/09 18:52:11 594] isr        798  1  cloud  
[2018/01/09 18:52:11 594] isr        813  cloud eps ignored  
[2018/01/09 18:52:11 760] isr        1547 ASR_MSG_AUW,   cloud  
[2018/01/09 18:52:11 760] isr        1559 6400  2  
[2018/01/09 18:52:11 960] isr        1547 ASR_MSG_AUW,   cloud  
[2018/01/09 18:52:11 960] isr        1559 6400  2  
[2018/01/09 18:52:12 161] isr        1547 ASR_MSG_AUW,   cloud  
[2018/01/09 18:52:12 161] isr        1559 6400  2  
[2018/01/09 18:52:12 361] isr        1547 ASR_MSG_AUW,   cloud  
[2018/01/09 18:52:12 361] isr        1559 6400  2  
[2018/01/09 18:52:12 561] isr        1547 ASR_MSG_AUW,   cloud  
[2018/01/09 18:52:12 561] isr        1559 6400  2  
[2018/01/09 18:52:12 761] isr        1547 ASR_MSG_AUW,   cloud  
[2018/01/09 18:52:12 761] isr        1559 6400  2  
[2018/01/09 18:52:12 961] isr        1547 ASR_MSG_AUW,   cloud  
[2018/01/09 18:52:12 962] isr        1559 6400  2  
[2018/01/09 18:52:13 162] isr        1547 ASR_MSG_AUW,   cloud  
[2018/01/09 18:52:13 162] isr        1559 6400  2  
[2018/01/09 18:52:13 362] isr        1547 ASR_MSG_AUW,   cloud  
[2018/01/09 18:52:13 362] isr        1559 6400  2  
[2018/01/09 18:52:13 562] isr        1547 ASR_MSG_AUW,   cloud  
[2018/01/09 18:52:13 562] isr        1559 6400  2  
[2018/01/09 18:52:13 762] isr        1547 ASR_MSG_AUW,   cloud  
[2018/01/09 18:52:13 762] isr        1559 6400  2  
[2018/01/09 18:52:13 963] isr        1547 ASR_MSG_AUW,   cloud  
[2018/01/09 18:52:13 963] isr        1559 6400  2  
[2018/01/09 18:52:14 163] isr        1547 ASR_MSG_AUW,   cloud  
[2018/01/09 18:52:14 163] isr        1559 6400  2  
[2018/01/09 18:52:14 363] isr        1547 ASR_MSG_AUW,   cloud  
[2018/01/09 18:52:14 363] isr        1559 11442  2  
[2018/01/09 18:52:14 563] isr        1547 ASR_MSG_AUW,   cloud  
[2018/01/09 18:52:14 563] isr        1559 0  4  
[2018/01/09 18:52:14 563] isr        1592 aud end, USER  
[2018/01/09 18:52:14 563] isr        1636 ASR_MSG_GRSLT,   cloud  
[2018/01/09 18:52:14 563] isr        1335 0  nil  2  
[2018/01/09 18:52:14 564] isr        854  [aud] speech end  
[2018/01/09 18:52:14 564] isr        798  3  msc  
[2018/01/09 18:52:14 714] isr        1636 ASR_MSG_GRSLT,   cloud  
[2018/01/09 18:52:14 714] isr        1335 0  nil  2  
[2018/01/09 18:52:14 864] isr        1636 ASR_MSG_GRSLT,   cloud  
[2018/01/09 18:52:14 864] isr        1335 0  nil  2  
[2018/01/09 18:52:15 014] isr        1636 ASR_MSG_GRSLT,   cloud  
[2018/01/09 18:52:15 014] isr        1335 0  nil  2  
[2018/01/09 18:52:15 165] isr        1636 ASR_MSG_GRSLT,   cloud  
[2018/01/09 18:52:15 165] isr        1335 0  nil  2  
[2018/01/09 18:52:15 167] isr        662  cloud_rslt_cb status =   5  
[2018/01/09 18:52:15 167] isr        641  process_result call:  cloud  udata(c414ce88) 5  nil  
[2018/01/09 18:52:15 167] isr        798  3  msc  
[2018/01/09 18:52:15 167] isr        800  already speech end  
[2018/01/09 18:52:15 315] isr        1636 ASR_MSG_GRSLT,   cloud  
[2018/01/09 18:52:15 315] isr        1335 0  udata(c414ce88) 5  
[2018/01/09 18:52:15 466] isr        1639 ASR_MSG_SSE,   cloud  
[2018/01/09 18:52:15 466] isr        1356 session_end() [in]  
[2018/01/09 18:52:15 466] isr        1421 cloud_session_end() [in]  
[2018/01/09 18:52:15 467] isr        1488 ns_host=  open.xf-yun.com  
[2018/01/09 18:52:15 467] isr        1498 tick()mod=  1236099326  
[2018/01/09 18:52:15 467] isr        1499 tick()=  1236099326  
[2018/01/09 18:52:15 467] isr        1501 diff=  5019  
[2018/01/09 18:52:15 467] isr        1514 cloud_session_end() [out]  
[2018/01/09 18:52:15 467] isr        1667 isr unload!  
============================================================
Time  2018/01/09 19:12:35 539 
============================================================
[2018/01/09 19:12:35 539] isr        1659 isr loaded!  
[2018/01/09 19:12:35 539] isr        1642 SYS_MSG_REGCB param0 =   msp_status_cb  param1 =   func(b802ccd0) 
[2018/01/09 19:12:35 539] isr        1537 ASR_MSG_SSB  
[2018/01/09 19:12:35 539] isr        1066 session_begin() [in], params:   sub = iat, domain = iat, language = zh_cn, accent = mandarin, sample_rate = 16000, result_type = plain, result_encoding = utf8  nil  
[2018/01/09 19:12:35 539] isr        927  vad_set [in]  
[2018/01/09 19:12:35 539] isr        962  vad_enable :  true  
[2018/01/09 19:12:35 539] isr        980  vad_bos :  10000  
[2018/01/09 19:12:35 539] isr        981  vad_eos :  2000  
[2018/01/09 19:12:35 539] isr        886  enable_vad [in]  
[2018/01/09 19:12:35 539] isr        918  vad enabled!  2000  10000  
[2018/01/09 19:12:35 539] isr        921  enable_vad [out]  
[2018/01/09 19:12:35 539] isr        987  vad_set [out] | ret =  0  
[2018/01/09 19:12:35 539] isr        1187 cur_engine_type =   cloud  
[2018/01/09 19:12:35 539] isr        1001 cloud_session_begin  
[2018/01/09 19:12:35 539] isr        1013 standard  
[2018/01/09 19:12:35 544] isr        1547 ASR_MSG_AUW,   cloud  
[2018/01/09 19:12:35 544] isr        1559 6400  1  
[2018/01/09 19:12:35 544] isr        1569 once_bytes:   6400  
[2018/01/09 19:12:35 545] isr        851  [aud] speech start  
[2018/01/09 19:12:35 545] isr        798  1  msc  
[2018/01/09 19:12:35 741] isr        1547 ASR_MSG_AUW,   cloud  
[2018/01/09 19:12:35 741] isr        1559 6400  2  
[2018/01/09 19:12:35 786] isr        700  cloud_status_cb, eps:  1  
[2018/01/09 19:12:35 786] isr        798  1  cloud  
[2018/01/09 19:12:35 786] isr        813  cloud eps ignored  
[2018/01/09 19:12:35 941] isr        1547 ASR_MSG_AUW,   cloud  
[2018/01/09 19:12:35 941] isr        1559 6400  2  
[2018/01/09 19:12:36 141] isr        1547 ASR_MSG_AUW,   cloud  
[2018/01/09 19:12:36 141] isr        1559 6400  2  
[2018/01/09 19:12:36 342] isr        1547 ASR_MSG_AUW,   cloud  
[2018/01/09 19:12:36 342] isr        1559 6400  2  
[2018/01/09 19:12:36 542] isr        1547 ASR_MSG_AUW,   cloud  
[2018/01/09 19:12:36 542] isr        1559 6400  2  
[2018/01/09 19:12:36 742] isr        1547 ASR_MSG_AUW,   cloud  
[2018/01/09 19:12:36 742] isr        1559 6400  2  
[2018/01/09 19:12:36 942] isr        1547 ASR_MSG_AUW,   cloud  
[2018/01/09 19:12:36 942] isr        1559 6400  2  
[2018/01/09 19:12:37 143] isr        1547 ASR_MSG_AUW,   cloud  
[2018/01/09 19:12:37 143] isr        1559 6400  2  
[2018/01/09 19:12:37 343] isr        1547 ASR_MSG_AUW,   cloud  
[2018/01/09 19:12:37 343] isr        1559 6400  2  
[2018/01/09 19:12:37 543] isr        1547 ASR_MSG_AUW,   cloud  
[2018/01/09 19:12:37 543] isr        1559 6400  2  
[2018/01/09 19:12:37 743] isr        1547 ASR_MSG_AUW,   cloud  
[2018/01/09 19:12:37 743] isr        1559 6400  2  
[2018/01/09 19:12:37 944] isr        1547 ASR_MSG_AUW,   cloud  
[2018/01/09 19:12:37 944] isr        1559 6400  2  
[2018/01/09 19:12:38 144] isr        1547 ASR_MSG_AUW,   cloud  
[2018/01/09 19:12:38 144] isr        1559 6400  2  
[2018/01/09 19:12:38 344] isr        1547 ASR_MSG_AUW,   cloud  
[2018/01/09 19:12:38 344] isr        1559 6400  2  
[2018/01/09 19:12:38 544] isr        1547 ASR_MSG_AUW,   cloud  
[2018/01/09 19:12:38 544] isr        1559 6400  2  
[2018/01/09 19:12:38 744] isr        1547 ASR_MSG_AUW,   cloud  
[2018/01/09 19:12:38 744] isr        1559 6400  2  
[2018/01/09 19:12:38 945] isr        1547 ASR_MSG_AUW,   cloud  
[2018/01/09 19:12:38 945] isr        1559 6400  2  
[2018/01/09 19:12:39 145] isr        1547 ASR_MSG_AUW,   cloud  
[2018/01/09 19:12:39 145] isr        1559 6400  2  
[2018/01/09 19:12:39 345] isr        1547 ASR_MSG_AUW,   cloud  
[2018/01/09 19:12:39 345] isr        1559 6400  2  
[2018/01/09 19:12:39 545] isr        1547 ASR_MSG_AUW,   cloud  
[2018/01/09 19:12:39 545] isr        1559 6400  2  
[2018/01/09 19:12:39 746] isr        1547 ASR_MSG_AUW,   cloud  
[2018/01/09 19:12:39 746] isr        1559 6400  2  
[2018/01/09 19:12:39 789] isr        662  cloud_rslt_cb status =   0  
[2018/01/09 19:12:39 789] isr        641  process_result call:  cloud  udata(b8035518) 0  nil  
[2018/01/09 19:12:39 946] isr        1547 ASR_MSG_AUW,   cloud  
[2018/01/09 19:12:39 946] isr        1559 7420  2  
[2018/01/09 19:12:40 146] isr        1547 ASR_MSG_AUW,   cloud  
[2018/01/09 19:12:40 146] isr        1559 0  4  
[2018/01/09 19:12:40 146] isr        1592 aud end, USER  
[2018/01/09 19:12:40 146] isr        1636 ASR_MSG_GRSLT,   cloud  
[2018/01/09 19:12:40 146] isr        1335 0  udata(b8035518) 0  
[2018/01/09 19:12:40 146] isr        854  [aud] speech end  
[2018/01/09 19:12:40 146] isr        798  3  msc  
[2018/01/09 19:12:40 235] isr        700  cloud_status_cb, eps:  3  
[2018/01/09 19:12:40 235] isr        798  3  cloud  
[2018/01/09 19:12:40 235] isr        800  already speech end  
[2018/01/09 19:12:40 236] isr        662  cloud_rslt_cb status =   5  
[2018/01/09 19:12:40 236] isr        641  process_result call:  cloud  udata(b8035b88) 5  nil  
[2018/01/09 19:12:40 236] isr        798  3  msc  
[2018/01/09 19:12:40 236] isr        800  already speech end  
[2018/01/09 19:12:40 297] isr        1636 ASR_MSG_GRSLT,   cloud  
[2018/01/09 19:12:40 297] isr        1335 0  udata(b8035b88) 5  
[2018/01/09 19:12:40 447] isr        1639 ASR_MSG_SSE,   cloud  
[2018/01/09 19:12:40 447] isr        1356 session_end() [in]  
[2018/01/09 19:12:40 447] isr        1421 cloud_session_end() [in]  
[2018/01/09 19:12:40 448] isr        1488 ns_host=  open.xf-yun.com  
[2018/01/09 19:12:40 448] isr        1498 tick()mod=  1237324307  
[2018/01/09 19:12:40 448] isr        1499 tick()=  1237324307  
[2018/01/09 19:12:40 448] isr        1501 diff=  4804  
[2018/01/09 19:12:40 448] isr        1514 cloud_session_end() [out]  
[2018/01/09 19:12:40 448] isr        1667 isr unload!  
============================================================
Time  2018/01/09 19:13:00 211 
============================================================
[2018/01/09 19:13:00 211] isr        1659 isr loaded!  
[2018/01/09 19:13:00 211] isr        1642 SYS_MSG_REGCB param0 =   msp_status_cb  param1 =   func(d802ccd0) 
[2018/01/09 19:13:00 211] isr        1537 ASR_MSG_SSB  
[2018/01/09 19:13:00 211] isr        1066 session_begin() [in], params:   sub = iat, domain = iat, language = zh_cn, accent = mandarin, sample_rate = 16000, result_type = plain, result_encoding = utf8  nil  
[2018/01/09 19:13:00 211] isr        927  vad_set [in]  
[2018/01/09 19:13:00 211] isr        962  vad_enable :  true  
[2018/01/09 19:13:00 211] isr        980  vad_bos :  10000  
[2018/01/09 19:13:00 211] isr        981  vad_eos :  2000  
[2018/01/09 19:13:00 211] isr        886  enable_vad [in]  
[2018/01/09 19:13:00 212] isr        918  vad enabled!  2000  10000  
[2018/01/09 19:13:00 212] isr        921  enable_vad [out]  
[2018/01/09 19:13:00 212] isr        987  vad_set [out] | ret =  0  
[2018/01/09 19:13:00 212] isr        1187 cur_engine_type =   cloud  
[2018/01/09 19:13:00 212] isr        1001 cloud_session_begin  
[2018/01/09 19:13:00 212] isr        1013 standard  
[2018/01/09 19:13:00 216] isr        1547 ASR_MSG_AUW,   cloud  
[2018/01/09 19:13:00 216] isr        1559 6400  1  
[2018/01/09 19:13:00 216] isr        1569 once_bytes:   6400  
[2018/01/09 19:13:00 217] isr        851  [aud] speech start  
[2018/01/09 19:13:00 217] isr        798  1  msc  
[2018/01/09 19:13:00 416] isr        1547 ASR_MSG_AUW,   cloud  
[2018/01/09 19:13:00 416] isr        1559 6400  2  
[2018/01/09 19:13:00 471] isr        700  cloud_status_cb, eps:  1  
[2018/01/09 19:13:00 471] isr        798  1  cloud  
[2018/01/09 19:13:00 471] isr        813  cloud eps ignored  
[2018/01/09 19:13:00 616] isr        1547 ASR_MSG_AUW,   cloud  
[2018/01/09 19:13:00 616] isr        1559 6400  2  
[2018/01/09 19:13:00 817] isr        1547 ASR_MSG_AUW,   cloud  
[2018/01/09 19:13:00 817] isr        1559 6400  2  
[2018/01/09 19:13:01 017] isr        1547 ASR_MSG_AUW,   cloud  
[2018/01/09 19:13:01 017] isr        1559 6400  2  
[2018/01/09 19:13:01 217] isr        1547 ASR_MSG_AUW,   cloud  
[2018/01/09 19:13:01 217] isr        1559 6400  2  
[2018/01/09 19:13:01 417] isr        1547 ASR_MSG_AUW,   cloud  
[2018/01/09 19:13:01 417] isr        1559 6400  2  
[2018/01/09 19:13:01 618] isr        1547 ASR_MSG_AUW,   cloud  
[2018/01/09 19:13:01 618] isr        1559 6400  2  
[2018/01/09 19:13:01 818] isr        1547 ASR_MSG_AUW,   cloud  
[2018/01/09 19:13:01 818] isr        1559 6400  2  
[2018/01/09 19:13:02 018] isr        1547 ASR_MSG_AUW,   cloud  
[2018/01/09 19:13:02 018] isr        1559 6400  2  
[2018/01/09 19:13:02 218] isr        1547 ASR_MSG_AUW,   cloud  
[2018/01/09 19:13:02 218] isr        1559 6400  2  
[2018/01/09 19:13:02 418] isr        1547 ASR_MSG_AUW,   cloud  
[2018/01/09 19:13:02 418] isr        1559 6400  2  
[2018/01/09 19:13:02 619] isr        1547 ASR_MSG_AUW,   cloud  
[2018/01/09 19:13:02 619] isr        1559 6400  2  
[2018/01/09 19:13:02 819] isr        1547 ASR_MSG_AUW,   cloud  
[2018/01/09 19:13:02 819] isr        1559 6400  2  
[2018/01/09 19:13:03 019] isr        1547 ASR_MSG_AUW,   cloud  
[2018/01/09 19:13:03 019] isr        1559 6400  2  
[2018/01/09 19:13:03 219] isr        1547 ASR_MSG_AUW,   cloud  
[2018/01/09 19:13:03 220] isr        1559 6400  2  
[2018/01/09 19:13:03 420] isr        1547 ASR_MSG_AUW,   cloud  
[2018/01/09 19:13:03 420] isr        1559 6400  2  
[2018/01/09 19:13:03 620] isr        1547 ASR_MSG_AUW,   cloud  
[2018/01/09 19:13:03 620] isr        1559 6400  2  
[2018/01/09 19:13:03 820] isr        1547 ASR_MSG_AUW,   cloud  
[2018/01/09 19:13:03 820] isr        1559 6400  2  
[2018/01/09 19:13:04 020] isr        1547 ASR_MSG_AUW,   cloud  
[2018/01/09 19:13:04 020] isr        1559 6400  2  
[2018/01/09 19:13:04 221] isr        1547 ASR_MSG_AUW,   cloud  
[2018/01/09 19:13:04 221] isr        1559 6400  2  
[2018/01/09 19:13:04 421] isr        1547 ASR_MSG_AUW,   cloud  
[2018/01/09 19:13:04 421] isr        1559 6400  2  
[2018/01/09 19:13:04 481] isr        662  cloud_rslt_cb status =   0  
[2018/01/09 19:13:04 481] isr        641  process_result call:  cloud  udata(d8035668) 0  nil  
[2018/01/09 19:13:04 621] isr        1547 ASR_MSG_AUW,   cloud  
[2018/01/09 19:13:04 621] isr        1559 7420  2  
[2018/01/09 19:13:04 821] isr        1547 ASR_MSG_AUW,   cloud  
[2018/01/09 19:13:04 821] isr        1559 0  4  
[2018/01/09 19:13:04 821] isr        1592 aud end, USER  
[2018/01/09 19:13:04 821] isr        1636 ASR_MSG_GRSLT,   cloud  
[2018/01/09 19:13:04 821] isr        1335 0  udata(d8035668) 0  
[2018/01/09 19:13:04 822] isr        854  [aud] speech end  
[2018/01/09 19:13:04 822] isr        798  3  msc  
[2018/01/09 19:13:04 927] isr        700  cloud_status_cb, eps:  3  
[2018/01/09 19:13:04 927] isr        798  3  cloud  
[2018/01/09 19:13:04 927] isr        800  already speech end  
[2018/01/09 19:13:04 928] isr        662  cloud_rslt_cb status =   5  
[2018/01/09 19:13:04 928] isr        641  process_result call:  cloud  udata(d8035ce8) 5  nil  
[2018/01/09 19:13:04 928] isr        798  3  msc  
[2018/01/09 19:13:04 928] isr        800  already speech end  
[2018/01/09 19:13:04 972] isr        1636 ASR_MSG_GRSLT,   cloud  
[2018/01/09 19:13:04 972] isr        1335 0  udata(d8035ce8) 5  
[2018/01/09 19:13:05 123] isr        1639 ASR_MSG_SSE,   cloud  
[2018/01/09 19:13:05 123] isr        1356 session_end() [in]  
[2018/01/09 19:13:05 123] isr        1421 cloud_session_end() [in]  
[2018/01/09 19:13:05 123] isr        1488 ns_host=  open.xf-yun.com  
[2018/01/09 19:13:05 123] isr        1498 tick()mod=  1237348982  
[2018/01/09 19:13:05 123] isr        1499 tick()=  1237348982  
[2018/01/09 19:13:05 123] isr        1501 diff=  4792  
[2018/01/09 19:13:05 123] isr        1514 cloud_session_end() [out]  
[2018/01/09 19:13:05 124] isr        1667 isr unload!  
