============================================================
Time  2018/01/09 18:52:09 781 
============================================================
[2018/01/09 18:52:09 781] lgi        641  SYS_MSG_LOAD  
[2018/01/09 18:52:09 782] lgi        663  SYS_MSG_REGCB  msp_status_cb  func(b4015a80) 
[2018/01/09 18:52:09 782] lgi        292  LGI_MSG_INIT  
[2018/01/09 18:52:09 782] lgi        299  lgi  lgi_  268436457  1504340091  
[2018/01/09 18:52:09 782] lgi        332  lgi params:  appid = 5a548c0f, work_dir = .  
[2018/01/09 18:52:09 782] lgi        352  auth_appid=  5a548c0f  
[2018/01/09 18:52:09 782] lgi        363  token:  nil  
[2018/01/09 18:52:09 782] lgi        433  msc cver : 5.0.34.1166  
[2018/01/09 18:52:09 782] lgi        476  ns_enable=  1  
[2018/01/09 18:52:09 782] lgi        488  prot_ver=1  
[2018/01/09 18:52:09 782] lgi        499  prot_type=tcp  
[2018/01/09 18:52:09 782] lgi        650  SYS_MSG_UNLOAD  go bg!  
[2018/01/09 18:52:10 214] lgi        555  LGI_MSG_START, caller =  legacyuup_49ad4ac9  
[2018/01/09 18:52:10 214] lgi        561  lgistat =   0  
[2018/01/09 18:52:10 214] lgi        587  lgi_auth_id =  nil  
[2018/01/09 18:52:10 214] transport  658  paramkvsport is   0  
[2018/01/09 18:52:10 214] transport  666  ns_enable=  1  
[2018/01/09 18:52:10 214] transport  672  net.nettype=  standard  
[2018/01/09 18:52:10 214] transport  711  url.full=  nil  
[2018/01/09 18:52:10 214] transport  907  net type:  standard  
[2018/01/09 18:52:10 214] transport  908  net operator:  def  
[2018/01/09 18:52:10 214] transport  909  use proxy:  false  
[2018/01/09 18:52:10 214] lgi        271  [session] send lgi request  
[2018/01/09 18:52:10 214] transport  1042 session.domain=  open.xf-yun.com  
[2018/01/09 18:52:10 214] transport  1043 url.host=  open.xf-yun.com  
[2018/01/09 18:52:10 214] transport  1137 self.host=  open.xf-yun.com  
[2018/01/09 18:52:10 214] network    88   ipfromenv ,  ipcache  open.xf-yun.com  def  nil  
[2018/01/09 18:52:10 214] transport  1077 NAMESERVER START  
[2018/01/09 18:52:10 214] transport  1080 name =   ath  
[2018/01/09 18:52:10 214] ns         629  ntt=  standard  
[2018/01/09 18:52:10 214] transport  1083 trans,ns_inprog =  0  
[2018/01/09 18:52:10 214] ns         585  name server start  
[2018/01/09 18:52:10 214] ns         586  ns_sub =   ath  
[2018/01/09 18:52:10 214] ns         588  ns_host=  open.xf-yun.com  
[2018/01/09 18:52:10 214] ns         479  ns_host=  open.xf-yun.com  
[2018/01/09 18:52:10 214] ns         558  GET /sip/resolver?srand=0109185211.32 HTTP/1.1
Host: hdns.openspeech.cn
Connection: Keep-Alive
X-Par: ver=1.3&appid=5a548c0f&operator=UNKNOW&nettype=STANDARD&cver=5.0.34.1166&svc=ath&host=open.xf-yun.com&sign=5c036df1b38e68c2e72dd3df5cdcb4b1
User-Agent: iFLYCloud

  
[2018/01/09 18:52:10 214] ns         559  net_type =  standard  
[2018/01/09 18:52:10 214] ns         560  cmwapascmnet =  
[2018/01/09 18:52:10 214] ns         561  uniwapasuninet =  
[2018/01/09 18:52:10 215] ns         562  ctwapasctnet =  
[2018/01/09 18:52:10 215] ns         579  host=  hdns.openspeech.cn  
[2018/01/09 18:52:10 215] network    242  gethostbyname  hdns.openspeech.cn  ns1  
[2018/01/09 18:52:10 215] lgi        238  lver:  nil  
[2018/01/09 18:52:10 215] lgi        243  cfg_ver:  nil  
[2018/01/09 18:52:10 222] network    224  dns resp  0  ns1  
[2018/01/09 18:52:10 222] ns         425  ns dns ok  117.121.56.5  
[2018/01/09 18:52:10 222] ns         205  iplist not avail  
[2018/01/09 18:52:10 224] ns         432  is_voicecloud_ip=  0  
[2018/01/09 18:52:10 224] ns         439  ip_is_expected=  true  
[2018/01/09 18:52:10 224] ns         447  ip_is_expected=  true  
[2018/01/09 18:52:10 224] network    423  gethttpresp2  117.121.56.5  80  ns2  
[2018/01/09 18:52:10 224] network    440  prot_type  tcp  
[2018/01/09 18:52:10 232] transport  142  [dns] [1] response 121.201.83.170  
[2018/01/09 18:52:10 232] transport  152  121  201  83  170  
[2018/01/09 18:52:10 232] transport  203  ipv =  v4  
[2018/01/09 18:52:10 232] transport  207  dns ip is v4  
[2018/01/09 18:52:10 232] transport  181  iplist not avail  
[2018/01/09 18:52:10 232] transport  247  no iplist now  
[2018/01/09 18:52:10 232] network    93   iptoenv ,  ipcache  open.xf-yun.com  def  121.201.83.170  
[2018/01/09 18:52:10 232] transport  291  dns cb start conn  
[2018/01/09 18:52:10 232] transport  1276 [soc] connect   121.201.83.170  80  
[2018/01/09 18:52:10 232] transport  1293 mspsoc.open,prot_type=  tcp  
[2018/01/09 18:52:10 266] network    328  connected  ns2  
[2018/01/09 18:52:10 266] network    331  send ok  271  ns2  
[2018/01/09 18:52:10 276] transport  476  [soc] [1] connected  
[2018/01/09 18:52:10 276] transport  1333 build http request.  
[2018/01/09 18:52:10 276] transport  1433 POST /msp.do HTTP/1.1
Host: open.xf-yun.com
Content-Type: multipart/mixed;boundary=--
Content-Length: 356
User-Agent: iFLYCloud
Cache-Control: no-cache
Accept: */*

----
CL:73
CT:text/plain

ver=MSSP+0%2E9&sub=auth&cmd=lgi&cver=5%2E0%2E34%2E1166&key=08xWdnpV1UpiM=
----
CL:56
CT:text/appinfo
CE:gzip,encrypt/0.2

‡gÓT¨œÏòÅ  
[2018/01/09 18:52:10 277] transport  1753 msg:release()  
[2018/01/09 18:52:10 277] transport  506  [soc] [1] send ok  529  
[2018/01/09 18:52:10 308] network    340  readable  ns2  
[2018/01/09 18:52:10 308] network    344  HTTP/1.1 200 OK
Date: Tue, 09 Jan 2018 10:52:10 GMT
Content-Type: application/json
Content-Length: 309
Connection: keep-alive
Server: iflytek/hdns

{"dns":[{"host":"open.xf-yun.com","sip":[{"svc":"ath","ips":[{"ip":"59.107.24.11","port":980,"idc":"gz"},{"ip":"59.107.24.13","port":80,"idc":"gz"}],"ttl":6000,"compel":0}]}],"default":[{"host":"open.xf-yun.com","sip":[{"svc":"ath","ips":[{"ip":"59.107.24.13","port":80,"idc":"gz"}],"ttl":6000,"compel":0}]}]}  
[2018/01/09 18:52:10 308] ns         256  name server http resp  table(b40058d0) 0  udata(b40482b8) 
[2018/01/09 18:52:10 308] ns         269  ns response OK for this time!  
[2018/01/09 18:52:10 308] ns         280  from_server=  iflytek/hdns  
[2018/01/09 18:52:10 309] ns         363  compel :  0  
[2018/01/09 18:52:10 309] ns         374  tick()=  1236094168  
[2018/01/09 18:52:10 309] ns         378  tick()mod=  1236094168  
[2018/01/09 18:52:10 309] ns         379  ns_host=  open.xf-yun.com  
[2018/01/09 18:52:10 309] ns         392  ns_host=  open.xf-yun.com  
[2018/01/09 18:52:10 309] transport  1057 ns_ip =   59.107.24.11  
[2018/01/09 18:52:10 309] transport  1058 ip_type =  assigned_athopen.xf-yun.com_host  
[2018/01/09 18:52:10 309] ns         658  no data in ns_q  
[2018/01/09 18:52:10 309] ns         659  conti_ns,ns_inprog =   1  
[2018/01/09 18:52:10 309] transport  518  [soc] [1] readable  
[2018/01/09 18:52:10 309] transport  1706 HTTP/1.1 200 OK
Content-Type: text/plain
Content-Length: 162
X-Req-Date: 2018/01/09 18:52:11 104
Cache-Control: no-cache
CL: 162
X-Res-Date: 2018/01/09 18:52:11 120

ver=MSSP+0%2E9&ret=0&cver=5%2E0%2E34%2E1166&uid=d8806704307&key=0bOuIusztwKbMrLOOUXQtFG1GN0YfaWOihQuJAxMNMUYW^^GHVr44O7HadpURw1rwN7YdCBqvGZXoUeXY4AhPjDRR5djgCE^MN  
[2018/01/09 18:52:10 309] transport  1452 a_complete_httpmessage  200  
[2018/01/09 18:52:10 309] transport  1562 is_update  false  
[2018/01/09 18:52:10 309] lgi        99   [trans] [id = lgi_] readable  
[2018/01/09 18:52:10 310] network    88   ipfromenv ,  ipcache  open.xf-yun.com  def  121.201.83.170  
[2018/01/09 18:52:10 310] transport  982  cached ip is confirmed  
[2018/01/09 18:52:10 310] transport  1310 [soc] disconnect   
[2018/01/09 18:52:10 310] lgi        130  lgi resp!  
[2018/01/09 18:52:10 310] lgi        137  lgi ok!  
[2018/01/09 18:52:10 310] lgi        145  unkown  d8806704307  
[2018/01/09 18:52:10 310] lgi        69   notify_lgi_result, ret=0, loginid=d8806704307@5a548c0f  
[2018/01/09 18:52:10 363] lgi        555  LGI_MSG_START, caller =  cloud_cisr1PPHHBHX-WSXHWFr7PaakCNmuW01eB8V  
[2018/01/09 18:52:10 363] lgi        561  lgistat =   2  
[2018/01/09 18:52:20 004] lgi        654  SYS_MSG_SHUTDOWN  
============================================================
Time  2018/01/09 19:12:22 566 
============================================================
[2018/01/09 19:12:22 566] lgi        641  SYS_MSG_LOAD  
[2018/01/09 19:12:22 567] lgi        663  SYS_MSG_REGCB  msp_status_cb  func(b0015ac0) 
[2018/01/09 19:12:22 567] lgi        292  LGI_MSG_INIT  
[2018/01/09 19:12:22 567] lgi        299  lgi  lgi_  268436457  1504340091  
[2018/01/09 19:12:22 567] lgi        332  lgi params:  appid = 5a548c0f, work_dir = .  
[2018/01/09 19:12:22 567] lgi        352  auth_appid=  5a548c0f  
[2018/01/09 19:12:22 567] lgi        363  token:  nil  
[2018/01/09 19:12:22 567] lgi        433  msc cver : 5.0.34.1166  
[2018/01/09 19:12:22 567] lgi        476  ns_enable=  1  
[2018/01/09 19:12:22 567] lgi        488  prot_ver=1  
[2018/01/09 19:12:22 567] lgi        499  prot_type=tcp  
[2018/01/09 19:12:22 567] lgi        650  SYS_MSG_UNLOAD  go bg!  
[2018/01/09 19:12:35 544] lgi        555  LGI_MSG_START, caller =  cloud_cisr1PPHHBHX-0koHWQ6SvaauHddKswGOmJe  
[2018/01/09 19:12:35 544] lgi        561  lgistat =   0  
[2018/01/09 19:12:35 544] lgi        587  lgi_auth_id =  nil  
[2018/01/09 19:12:35 549] transport  658  paramkvsport is   0  
[2018/01/09 19:12:35 549] transport  666  ns_enable=  1  
[2018/01/09 19:12:35 549] transport  672  net.nettype=  standard  
[2018/01/09 19:12:35 549] transport  711  url.full=  nil  
[2018/01/09 19:12:35 549] transport  907  net type:  standard  
[2018/01/09 19:12:35 549] transport  908  net operator:  def  
[2018/01/09 19:12:35 549] transport  909  use proxy:  false  
[2018/01/09 19:12:35 549] lgi        271  [session] send lgi request  
[2018/01/09 19:12:35 550] transport  1042 session.domain=  open.xf-yun.com  
[2018/01/09 19:12:35 550] transport  1043 url.host=  open.xf-yun.com  
[2018/01/09 19:12:35 550] transport  1137 self.host=  open.xf-yun.com  
[2018/01/09 19:12:35 550] network    88   ipfromenv ,  ipcache  open.xf-yun.com  def  nil  
[2018/01/09 19:12:35 550] transport  1077 NAMESERVER START  
[2018/01/09 19:12:35 550] transport  1080 name =   ath  
[2018/01/09 19:12:35 550] ns         629  ntt=  standard  
[2018/01/09 19:12:35 550] transport  1083 trans,ns_inprog =  0  
[2018/01/09 19:12:35 550] ns         585  name server start  
[2018/01/09 19:12:35 550] ns         586  ns_sub =   ath  
[2018/01/09 19:12:35 550] ns         588  ns_host=  open.xf-yun.com  
[2018/01/09 19:12:35 550] ns         479  ns_host=  open.xf-yun.com  
[2018/01/09 19:12:35 550] ns         558  GET /sip/resolver?srand=0109191211.32 HTTP/1.1
Host: hdns.openspeech.cn
Connection: Keep-Alive
X-Par: ver=1.3&appid=5a548c0f&operator=UNKNOW&nettype=STANDARD&cver=5.0.34.1166&svc=ath&host=open.xf-yun.com&sign=0ba9c390521746300bf66cdfb8dff445
User-Agent: iFLYCloud

  
[2018/01/09 19:12:35 550] ns         559  net_type =  standard  
[2018/01/09 19:12:35 550] ns         560  cmwapascmnet =  
[2018/01/09 19:12:35 550] ns         561  uniwapasuninet =  
[2018/01/09 19:12:35 550] ns         562  ctwapasctnet =  
[2018/01/09 19:12:35 550] ns         579  host=  hdns.openspeech.cn  
[2018/01/09 19:12:35 550] network    242  gethostbyname  hdns.openspeech.cn  ns1  
[2018/01/09 19:12:35 550] lgi        238  lver:  nil  
[2018/01/09 19:12:35 550] lgi        243  cfg_ver:  nil  
[2018/01/09 19:12:35 565] network    224  dns resp  0  ns1  
[2018/01/09 19:12:35 565] ns         425  ns dns ok  117.121.56.5  
[2018/01/09 19:12:35 565] ns         205  iplist not avail  
[2018/01/09 19:12:35 565] ns         432  is_voicecloud_ip=  0  
[2018/01/09 19:12:35 565] ns         439  ip_is_expected=  true  
[2018/01/09 19:12:35 565] ns         447  ip_is_expected=  true  
[2018/01/09 19:12:35 565] network    423  gethttpresp2  117.121.56.5  80  ns2  
[2018/01/09 19:12:35 565] network    440  prot_type  tcp  
[2018/01/09 19:12:35 590] transport  142  [dns] [1] response 117.121.56.3  
[2018/01/09 19:12:35 590] transport  152  117  121  56  3  
[2018/01/09 19:12:35 590] transport  203  ipv =  v4  
[2018/01/09 19:12:35 590] transport  207  dns ip is v4  
[2018/01/09 19:12:35 590] transport  181  iplist not avail  
[2018/01/09 19:12:35 590] transport  247  no iplist now  
[2018/01/09 19:12:35 590] network    93   iptoenv ,  ipcache  open.xf-yun.com  def  117.121.56.3  
[2018/01/09 19:12:35 591] transport  291  dns cb start conn  
[2018/01/09 19:12:35 591] transport  1276 [soc] connect   117.121.56.3  80  
[2018/01/09 19:12:35 591] transport  1293 mspsoc.open,prot_type=  tcp  
[2018/01/09 19:12:35 633] transport  476  [soc] [1] connected  
[2018/01/09 19:12:35 633] transport  1333 build http request.  
[2018/01/09 19:12:35 634] transport  1433 POST /msp.do HTTP/1.1
Host: open.xf-yun.com
Content-Type: multipart/mixed;boundary=--
Content-Length: 356
User-Agent: iFLYCloud
Cache-Control: no-cache
Accept: */*

----
CL:73
CT:text/plain

ver=MSSP+0%2E9&sub=auth&cmd=lgi&cver=5%2E0%2E34%2E1166&key=08xWdnpV1UpiM=
----
CL:56
CT:text/appinfo
CE:gzip,encrypt/0.2

‡gÓT¨œÏòÅ  
[2018/01/09 19:12:35 634] transport  1753 msg:release()  
[2018/01/09 19:12:35 635] transport  506  [soc] [1] send ok  529  
[2018/01/09 19:12:35 643] network    328  connected  ns2  
[2018/01/09 19:12:35 644] network    331  send ok  271  ns2  
[2018/01/09 19:12:35 691] network    340  readable  ns2  
[2018/01/09 19:12:35 691] network    344  HTTP/1.1 200 OK
Date: Tue, 09 Jan 2018 11:12:35 GMT
Content-Type: application/json
Content-Length: 309
Connection: keep-alive
Server: iflytek/hdns

{"dns":[{"host":"open.xf-yun.com","sip":[{"svc":"ath","ips":[{"ip":"59.107.24.11","port":980,"idc":"gz"},{"ip":"59.107.24.13","port":80,"idc":"gz"}],"ttl":6000,"compel":0}]}],"default":[{"host":"open.xf-yun.com","sip":[{"svc":"ath","ips":[{"ip":"59.107.24.13","port":80,"idc":"gz"}],"ttl":6000,"compel":0}]}]}  
[2018/01/09 19:12:35 691] ns         256  name server http resp  table(b0048290) 0  udata(b0048c28) 
[2018/01/09 19:12:35 691] ns         269  ns response OK for this time!  
[2018/01/09 19:12:35 692] ns         280  from_server=  iflytek/hdns  
[2018/01/09 19:12:35 692] ns         363  compel :  0  
[2018/01/09 19:12:35 692] ns         374  tick()=  1237319551  
[2018/01/09 19:12:35 692] ns         378  tick()mod=  1237319551  
[2018/01/09 19:12:35 692] ns         379  ns_host=  open.xf-yun.com  
[2018/01/09 19:12:35 692] ns         392  ns_host=  open.xf-yun.com  
[2018/01/09 19:12:35 693] transport  1057 ns_ip =   59.107.24.11  
[2018/01/09 19:12:35 693] transport  1058 ip_type =  assigned_athopen.xf-yun.com_host  
[2018/01/09 19:12:35 693] ns         658  no data in ns_q  
[2018/01/09 19:12:35 693] ns         659  conti_ns,ns_inprog =   1  
[2018/01/09 19:12:35 703] transport  518  [soc] [1] readable  
[2018/01/09 19:12:35 703] transport  1706 HTTP/1.1 200 OK
Content-Type: text/plain
Content-Length: 162
X-Req-Date: 2018/01/09 18:56:25 784
Cache-Control: no-cache
CL: 162
X-Res-Date: 2018/01/09 18:56:25 799

ver=MSSP+0%2E9&ret=0&cver=5%2E0%2E34%2E1166&uid=d8806704307&key=0bK5azizxmz40oJYqvP8VBktkiP^ah/NghzsHYZKUPq3e^^GHVr44O7HadpURw1rwN7YdCBqvGZXoUeXY4AhPjDRR5djgCE^MN  
[2018/01/09 19:12:35 703] transport  1452 a_complete_httpmessage  200  
[2018/01/09 19:12:35 703] transport  1562 is_update  false  
[2018/01/09 19:12:35 703] lgi        99   [trans] [id = lgi_] readable  
[2018/01/09 19:12:35 704] network    88   ipfromenv ,  ipcache  open.xf-yun.com  def  117.121.56.3  
[2018/01/09 19:12:35 704] transport  982  cached ip is confirmed  
[2018/01/09 19:12:35 704] transport  1310 [soc] disconnect   
[2018/01/09 19:12:35 704] lgi        130  lgi resp!  
[2018/01/09 19:12:35 704] lgi        137  lgi ok!  
[2018/01/09 19:12:35 704] lgi        145  unkown  d8806704307  
[2018/01/09 19:12:35 704] lgi        69   notify_lgi_result, ret=0, loginid=d8806704307@5a548c0f  
[2018/01/09 19:12:40 450] lgi        654  SYS_MSG_SHUTDOWN  
============================================================
Time  2018/01/09 19:12:56 456 
============================================================
[2018/01/09 19:12:56 456] lgi        641  SYS_MSG_LOAD  
[2018/01/09 19:12:56 457] lgi        663  SYS_MSG_REGCB  msp_status_cb  func(d0015a80) 
[2018/01/09 19:12:56 457] lgi        292  LGI_MSG_INIT  
[2018/01/09 19:12:56 457] lgi        299  lgi  lgi_  268436457  1504340091  
[2018/01/09 19:12:56 457] lgi        332  lgi params:  appid = 5a548c0f, work_dir = .  
[2018/01/09 19:12:56 457] lgi        352  auth_appid=  5a548c0f  
[2018/01/09 19:12:56 457] lgi        363  token:  nil  
[2018/01/09 19:12:56 457] lgi        433  msc cver : 5.0.34.1166  
[2018/01/09 19:12:56 457] lgi        476  ns_enable=  1  
[2018/01/09 19:12:56 457] lgi        488  prot_ver=1  
[2018/01/09 19:12:56 457] lgi        499  prot_type=tcp  
[2018/01/09 19:12:56 458] lgi        650  SYS_MSG_UNLOAD  go bg!  
[2018/01/09 19:13:00 217] lgi        555  LGI_MSG_START, caller =  cloud_cisr1PPHHBHX-0kGHWi1hdaa5pfa28uQf1ub  
[2018/01/09 19:13:00 217] lgi        561  lgistat =   0  
[2018/01/09 19:13:00 217] lgi        587  lgi_auth_id =  nil  
[2018/01/09 19:13:00 225] transport  658  paramkvsport is   0  
[2018/01/09 19:13:00 225] transport  666  ns_enable=  1  
[2018/01/09 19:13:00 225] transport  672  net.nettype=  standard  
[2018/01/09 19:13:00 226] transport  711  url.full=  nil  
[2018/01/09 19:13:00 226] transport  907  net type:  standard  
[2018/01/09 19:13:00 226] transport  908  net operator:  def  
[2018/01/09 19:13:00 226] transport  909  use proxy:  false  
[2018/01/09 19:13:00 226] lgi        271  [session] send lgi request  
[2018/01/09 19:13:00 226] transport  1042 session.domain=  open.xf-yun.com  
[2018/01/09 19:13:00 226] transport  1043 url.host=  open.xf-yun.com  
[2018/01/09 19:13:00 226] transport  1137 self.host=  open.xf-yun.com  
[2018/01/09 19:13:00 226] network    88   ipfromenv ,  ipcache  open.xf-yun.com  def  117.121.56.3  
[2018/01/09 19:13:00 226] transport  1140 using cached ip:  117.121.56.3  
[2018/01/09 19:13:00 226] transport  1077 NAMESERVER START  
[2018/01/09 19:13:00 226] transport  1080 name =   ath  
[2018/01/09 19:13:00 226] ns         629  ntt=  standard  
[2018/01/09 19:13:00 226] transport  1083 trans,ns_inprog =  0  
[2018/01/09 19:13:00 226] ns         585  name server start  
[2018/01/09 19:13:00 226] ns         586  ns_sub =   ath  
[2018/01/09 19:13:00 226] ns         588  ns_host=  open.xf-yun.com  
[2018/01/09 19:13:00 226] ns         479  ns_host=  open.xf-yun.com  
[2018/01/09 19:13:00 226] ns         558  GET /sip/resolver?srand=0109191311.32 HTTP/1.1
Host: hdns.openspeech.cn
Connection: Keep-Alive
X-Par: ver=1.3&appid=5a548c0f&operator=UNKNOW&nettype=STANDARD&cver=5.0.34.1166&svc=ath&host=open.xf-yun.com&sign=a41124e5802a93156b4f17575fc0a55f
User-Agent: iFLYCloud

  
[2018/01/09 19:13:00 226] ns         559  net_type =  standard  
[2018/01/09 19:13:00 226] ns         560  cmwapascmnet =  
[2018/01/09 19:13:00 226] ns         561  uniwapasuninet =  
[2018/01/09 19:13:00 226] ns         562  ctwapasctnet =  
[2018/01/09 19:13:00 226] ns         579  host=  hdns.openspeech.cn  
[2018/01/09 19:13:00 226] network    242  gethostbyname  hdns.openspeech.cn  ns1  
[2018/01/09 19:13:00 226] transport  1276 [soc] connect   117.121.56.3  80  
[2018/01/09 19:13:00 226] transport  1293 mspsoc.open,prot_type=  tcp  
[2018/01/09 19:13:00 254] lgi        238  lver:  nil  
[2018/01/09 19:13:00 254] lgi        243  cfg_ver:  nil  
[2018/01/09 19:13:00 254] network    224  dns resp  0  ns1  
[2018/01/09 19:13:00 254] ns         425  ns dns ok  117.121.56.5  
[2018/01/09 19:13:00 254] ns         205  iplist not avail  
[2018/01/09 19:13:00 254] ns         432  is_voicecloud_ip=  0  
[2018/01/09 19:13:00 254] ns         439  ip_is_expected=  true  
[2018/01/09 19:13:00 254] ns         447  ip_is_expected=  true  
[2018/01/09 19:13:00 254] network    423  gethttpresp2  117.121.56.5  80  ns2  
[2018/01/09 19:13:00 254] network    440  prot_type  tcp  
[2018/01/09 19:13:00 295] transport  476  [soc] [1] connected  
[2018/01/09 19:13:00 295] transport  1333 build http request.  
[2018/01/09 19:13:00 295] transport  1433 POST /msp.do HTTP/1.1
Host: open.xf-yun.com
Content-Type: multipart/mixed;boundary=--
Content-Length: 356
User-Agent: iFLYCloud
Cache-Control: no-cache
Accept: */*

----
CL:73
CT:text/plain

ver=MSSP+0%2E9&sub=auth&cmd=lgi&cver=5%2E0%2E34%2E1166&key=08xWdnpV1UpiM=
----
CL:56
CT:text/appinfo
CE:gzip,encrypt/0.2

‡gÓT¨œÏòÅ  
[2018/01/09 19:13:00 296] transport  1753 msg:release()  
[2018/01/09 19:13:00 296] network    328  connected  ns2  
[2018/01/09 19:13:00 296] transport  506  [soc] [1] send ok  529  
[2018/01/09 19:13:00 296] network    331  send ok  271  ns2  
[2018/01/09 19:13:00 337] network    340  readable  ns2  
[2018/01/09 19:13:00 337] network    344  HTTP/1.1 200 OK
Date: Tue, 09 Jan 2018 11:13:00 GMT
Content-Type: application/json
Content-Length: 309
Connection: keep-alive
Server: iflytek/hdns

{"dns":[{"host":"open.xf-yun.com","sip":[{"svc":"ath","ips":[{"ip":"59.107.24.5","port":80,"idc":"gz"},{"ip":"59.107.24.11","port":980,"idc":"gz"}],"ttl":6000,"compel":0}]}],"default":[{"host":"open.xf-yun.com","sip":[{"svc":"ath","ips":[{"ip":"59.107.24.11","port":980,"idc":"gz"}],"ttl":6000,"compel":0}]}]}  
[2018/01/09 19:13:00 338] ns         256  name server http resp  table(d0048290) 0  udata(d0049cb8) 
[2018/01/09 19:13:00 338] ns         269  ns response OK for this time!  
[2018/01/09 19:13:00 338] ns         280  from_server=  iflytek/hdns  
[2018/01/09 19:13:00 338] ns         363  compel :  0  
[2018/01/09 19:13:00 338] ns         374  tick()=  1237344197  
[2018/01/09 19:13:00 338] ns         378  tick()mod=  1237344197  
[2018/01/09 19:13:00 338] ns         379  ns_host=  open.xf-yun.com  
[2018/01/09 19:13:00 338] ns         392  ns_host=  open.xf-yun.com  
[2018/01/09 19:13:00 338] transport  1057 ns_ip =   59.107.24.5  
[2018/01/09 19:13:00 338] transport  1058 ip_type =  assigned_athopen.xf-yun.com_host  
[2018/01/09 19:13:00 338] ns         658  no data in ns_q  
[2018/01/09 19:13:00 338] ns         659  conti_ns,ns_inprog =   1  
[2018/01/09 19:13:00 358] transport  518  [soc] [1] readable  
[2018/01/09 19:13:00 358] transport  1706 HTTP/1.1 200 OK
Content-Type: text/plain
Content-Length: 162
X-Req-Date: 2018/01/09 18:56:50 449
Cache-Control: no-cache
CL: 162
X-Res-Date: 2018/01/09 18:56:50 467

ver=MSSP+0%2E9&ret=0&cver=5%2E0%2E34%2E1166&uid=d8806704307&key=0bqTxNSuU^zVLNyQBWJe3pj8rRj/ucZ/BaxA0OU/aJCKG^^GHVr44O7HadpURw1rwN7YdCBqvGZXoUeXY4AhPjDRR5djgCE^MN  
[2018/01/09 19:13:00 358] transport  1452 a_complete_httpmessage  200  
[2018/01/09 19:13:00 358] transport  1562 is_update  false  
[2018/01/09 19:13:00 358] lgi        99   [trans] [id = lgi_] readable  
[2018/01/09 19:13:00 358] network    88   ipfromenv ,  ipcache  open.xf-yun.com  def  117.121.56.3  
[2018/01/09 19:13:00 358] transport  982  cached ip is confirmed  
[2018/01/09 19:13:00 358] transport  1310 [soc] disconnect   
[2018/01/09 19:13:00 358] lgi        130  lgi resp!  
[2018/01/09 19:13:00 358] lgi        137  lgi ok!  
[2018/01/09 19:13:00 358] lgi        145  unkown  d8806704307  
[2018/01/09 19:13:00 359] lgi        69   notify_lgi_result, ret=0, loginid=d8806704307@5a548c0f  
[2018/01/09 19:13:05 125] lgi        654  SYS_MSG_SHUTDOWN  
